<?xml version="1.0" encoding="UTF-8"?>
<testng-results skipped="0" failed="0" ignored="0" total="2" passed="2">
  <reporter-output>
  </reporter-output>
  <suite name="Suite" duration-ms="71351" started-at="2018-03-04T11:49:32Z" finished-at="2018-03-04T11:50:43Z">
    <groups>
    </groups>
    <test name="Test" duration-ms="71351" started-at="2018-03-04T11:49:32Z" finished-at="2018-03-04T11:50:43Z">
      <class name="gittest.GitTest">
        <test-method status="PASS" signature="loginTest()[pri:0, instance:gittest.GitTest@73f792cf]" name="loginTest" duration-ms="34194" started-at="2018-03-04T17:20:09Z" finished-at="2018-03-04T17:20:43Z">
          <reporter-output>
          </reporter-output>
        </test-method> <!-- loginTest -->
      </class> <!-- gittest.GitTest -->
      <class name="gittest.GitTest2">
        <test-method status="PASS" signature="loginTest()[pri:0, instance:gittest.GitTest2@79b4d0f]" name="loginTest" duration-ms="37079" started-at="2018-03-04T17:19:32Z" finished-at="2018-03-04T17:20:09Z">
          <reporter-output>
          </reporter-output>
        </test-method> <!-- loginTest -->
      </class> <!-- gittest.GitTest2 -->
    </test> <!-- Test -->
  </suite> <!-- Suite -->
</testng-results>
