<?xml version="1.0" encoding="UTF-8"?>
<testng-results skipped="0" failed="0" ignored="0" total="2" passed="2">
  <reporter-output>
  </reporter-output>
  <suite name="Suite" duration-ms="42865" started-at="2018-03-04T11:31:24Z" finished-at="2018-03-04T11:32:06Z">
    <groups>
    </groups>
    <test name="Test" duration-ms="42865" started-at="2018-03-04T11:31:24Z" finished-at="2018-03-04T11:32:06Z">
      <class name="gittest.GitTest">
        <test-method status="PASS" signature="loginTest()[pri:0, instance:gittest.GitTest@cb51256]" name="loginTest" duration-ms="24779" started-at="2018-03-04T17:01:42Z" finished-at="2018-03-04T17:02:06Z">
          <reporter-output>
          </reporter-output>
        </test-method> <!-- loginTest -->
      </class> <!-- gittest.GitTest -->
      <class name="gittest.GitTest2">
        <test-method status="PASS" signature="loginTest()[pri:0, instance:gittest.GitTest2@45820e51]" name="loginTest" duration-ms="17975" started-at="2018-03-04T17:01:24Z" finished-at="2018-03-04T17:01:42Z">
          <reporter-output>
          </reporter-output>
        </test-method> <!-- loginTest -->
      </class> <!-- gittest.GitTest2 -->
    </test> <!-- Test -->
  </suite> <!-- Suite -->
</testng-results>
